android/app/build/intermediates/manifest_merge_blame_file/debug/manifest-merger-blame-debug-report.txt
1<?xml version="1.0" encoding="utf-8"?>
2<manifest xmlns:android="http://schemas.android.com/apk/res/android"
3    package="com.distributedmallapp"
4    android:versionCode="1"
5    android:versionName="1.0" >
6
7    <uses-sdk
8        android:minSdkVersion="16"
9        android:targetSdkVersion="28" />
10
11    <uses-permission android:name="android.permission.SYSTEM_ALERT_WINDOW" />
11-->src\debug\AndroidManifest.xml:5:5-77
11-->src\debug\AndroidManifest.xml:5:22-75
12    <uses-permission android:name="android.permission.INTERNET" />
12-->src\main\AndroidManifest.xml:4:5-67
12-->src\main\AndroidManifest.xml:4:22-64
13    <uses-permission android:name="android.permission.ACCESS_FINE_LOCATION" />
13-->src\main\AndroidManifest.xml:5:5-79
13-->src\main\AndroidManifest.xml:5:22-76
14    <uses-permission android:name="android.permission.ACCESS_WIFI_STATE" />
14-->[com.facebook.flipper:flipper:0.33.1] AndroidManifest.xml:16:5-76
14-->[com.facebook.flipper:flipper:0.33.1] AndroidManifest.xml:16:22-73
15    <uses-permission android:name="android.permission.ACCESS_COARSE_LOCATION" /> <!-- Required by older versions of Google Play services to create IID tokens -->
15-->[:react-native-maps] AndroidManifest.xml:10:5-81
15-->[:react-native-maps] AndroidManifest.xml:10:22-78
16    <uses-permission android:name="com.google.android.c2dm.permission.RECEIVE" /> <!-- Include required permissions for Google Maps API to run. -->
16-->[com.google.android.gms:play-services-iid:17.0.0] AndroidManifest.xml:23:5-82
16-->[com.google.android.gms:play-services-iid:17.0.0] AndroidManifest.xml:23:22-79
17    <uses-permission android:name="android.permission.ACCESS_NETWORK_STATE" />
17-->[com.google.android.gms:play-services-maps:17.0.0] AndroidManifest.xml:23:5-79
17-->[com.google.android.gms:play-services-maps:17.0.0] AndroidManifest.xml:23:22-76
18
19    <uses-feature
19-->[com.google.android.gms:play-services-maps:17.0.0] AndroidManifest.xml:26:5-28:35
20        android:glEsVersion="0x00020000"
20-->[com.google.android.gms:play-services-maps:17.0.0] AndroidManifest.xml:27:9-41
21        android:required="true" />
21-->[com.google.android.gms:play-services-maps:17.0.0] AndroidManifest.xml:28:9-32
22
23    <uses-permission android:name="com.google.android.finsky.permission.BIND_GET_INSTALL_REFERRER_SERVICE" />
23-->[com.android.installreferrer:installreferrer:1.1.2] AndroidManifest.xml:9:5-110
23-->[com.android.installreferrer:installreferrer:1.1.2] AndroidManifest.xml:9:22-107
24
25    <application
25-->src\main\AndroidManifest.xml:7:5-32:19
26        android:name="com.distributedmallapp.MainApplication"
26-->src\main\AndroidManifest.xml:8:7-38
27        android:allowBackup="false"
27-->src\main\AndroidManifest.xml:12:7-34
28        android:appComponentFactory="androidx.core.app.CoreComponentFactory"
28-->[androidx.core:core:1.1.0] AndroidManifest.xml:24:18-86
29        android:debuggable="true"
30        android:icon="@mipmap/ic_launcher"
30-->src\main\AndroidManifest.xml:10:7-41
31        android:label="@string/app_name"
31-->src\main\AndroidManifest.xml:9:7-39
32        android:roundIcon="@mipmap/ic_launcher"
32-->src\main\AndroidManifest.xml:11:7-46
33        android:theme="@style/AppTheme"
33-->src\main\AndroidManifest.xml:13:7-38
34        android:usesCleartextTraffic="true" >
34-->src\debug\AndroidManifest.xml:7:18-53
35        <activity
35-->src\main\AndroidManifest.xml:14:7-24:18
36            android:name="com.distributedmallapp.MainActivity"
36-->src\main\AndroidManifest.xml:15:9-37
37            android:configChanges="keyboard|keyboardHidden|orientation|screenSize|uiMode"
37-->src\main\AndroidManifest.xml:17:9-86
38            android:label="@string/app_name"
38-->src\main\AndroidManifest.xml:16:9-41
39            android:launchMode="singleTask"
39-->src\main\AndroidManifest.xml:18:9-40
40            android:windowSoftInputMode="adjustResize" >
40-->src\main\AndroidManifest.xml:19:9-51
41            <intent-filter>
41-->src\main\AndroidManifest.xml:20:9-23:25
42                <action android:name="android.intent.action.MAIN" />
42-->src\main\AndroidManifest.xml:21:13-65
42-->src\main\AndroidManifest.xml:21:21-62
43
44                <category android:name="android.intent.category.LAUNCHER" />
44-->src\main\AndroidManifest.xml:22:13-73
44-->src\main\AndroidManifest.xml:22:23-70
45            </intent-filter>
46        </activity>
47        <activity android:name="com.facebook.react.devsupport.DevSettingsActivity" /> <!-- react-native-community/react-native-maps -->
47-->src\main\AndroidManifest.xml:25:7-84
47-->src\main\AndroidManifest.xml:25:17-81
48        <meta-data
48-->src\main\AndroidManifest.xml:27:7-29:66
49            android:name="com.google.android.geo.API_KEY"
49-->src\main\AndroidManifest.xml:28:9-54
50            android:value="AIzaSyDlpX06UMyOyMjIa3HPquErBTNVM0i_tE0" /> <!-- You will also only need to add this uses-libray tag -->
50-->src\main\AndroidManifest.xml:29:9-64
51        <uses-library
51-->src\main\AndroidManifest.xml:31:7-85
52            android:name="org.apache.http.legacy"
52-->src\main\AndroidManifest.xml:31:21-58
53            android:required="false" />
53-->src\main\AndroidManifest.xml:31:59-83
54
55        <receiver
55-->[:react-native-device-info] AndroidManifest.xml:13:9-22:20
56            android:name="com.learnium.RNDeviceInfo.RNDeviceReceiver"
56-->[:react-native-device-info] AndroidManifest.xml:14:13-70
57            android:enabled="true"
57-->[:react-native-device-info] AndroidManifest.xml:15:13-35
58            android:exported="true"
58-->[:react-native-device-info] AndroidManifest.xml:16:13-36
59            android:permission="android.permission.INSTALL_PACKAGES" >
59-->[:react-native-device-info] AndroidManifest.xml:17:13-69
60            <intent-filter>
60-->[:react-native-device-info] AndroidManifest.xml:19:13-21:29
61                <action android:name="com.android.vending.INSTALL_REFERRER" />
61-->[:react-native-device-info] AndroidManifest.xml:20:17-79
61-->[:react-native-device-info] AndroidManifest.xml:20:25-76
62            </intent-filter>
63        </receiver>
64
65        <activity
65-->[com.google.android.gms:play-services-base:17.0.0] AndroidManifest.xml:23:9-26:75
66            android:name="com.google.android.gms.common.api.GoogleApiActivity"
66-->[com.google.android.gms:play-services-base:17.0.0] AndroidManifest.xml:24:13-79
67            android:exported="false"
67-->[com.google.android.gms:play-services-base:17.0.0] AndroidManifest.xml:25:13-37
68            android:theme="@android:style/Theme.Translucent.NoTitleBar" />
68-->[com.google.android.gms:play-services-base:17.0.0] AndroidManifest.xml:26:13-72
69
70        <meta-data
70-->[com.google.android.gms:play-services-basement:17.0.0] AndroidManifest.xml:23:9-25:69
71            android:name="com.google.android.gms.version"
71-->[com.google.android.gms:play-services-basement:17.0.0] AndroidManifest.xml:24:13-58
72            android:value="@integer/google_play_services_version" />
72-->[com.google.android.gms:play-services-basement:17.0.0] AndroidManifest.xml:25:13-66
73    </application>
74
75</manifest>